<?xml version="1.0" encoding="UTF-8"?>
<testsuite xmlns:xsi="http://www.w3.org/2001/XMLSchema-instance" xsi:noNamespaceSchemaLocation="https://maven.apache.org/surefire/maven-surefire-plugin/xsd/surefire-test-report.xsd" name="com.test.fileInputTest" time="2.366" tests="1" errors="0" skipped="0" failures="0">
  <properties>
    <property name="sun.desktop" value="gnome"/>
    <property name="awt.toolkit" value="sun.awt.X11.XToolkit"/>
    <property name="file.encoding.pkg" value="sun.io"/>
    <property name="java.specification.version" value="1.8"/>
    <property name="sun.cpu.isalist" value=""/>
    <property name="sun.jnu.encoding" value="UTF-8"/>
    <property name="java.class.path" value="/home/kkakarla/Downloads/MyDozerExample/target/test-classes:/home/kkakarla/Downloads/MyDozerExample/target/classes:/home/kkakarla/.m2/repository/org/apache/camel/camel-core/2.21.0.fuse-720050-redhat-00001/camel-core-2.21.0.fuse-720050-redhat-00001.jar:/home/kkakarla/.m2/repository/com/sun/xml/bind/jaxb-core/2.2.11.redhat-4/jaxb-core-2.2.11.redhat-4.jar:/home/kkakarla/.m2/repository/com/sun/xml/bind/jaxb-impl/2.2.11.redhat-4/jaxb-impl-2.2.11.redhat-4.jar:/home/kkakarla/.m2/repository/org/apache/camel/camel-blueprint/2.21.0.fuse-720050-redhat-00001/camel-blueprint-2.21.0.fuse-720050-redhat-00001.jar:/home/kkakarla/.m2/repository/org/apache/camel/camel-core-xml/2.21.0.fuse-720050-redhat-00001/camel-core-xml-2.21.0.fuse-720050-redhat-00001.jar:/home/kkakarla/.m2/repository/org/apache/camel/camel-core-osgi/2.21.0.fuse-720050-redhat-00001/camel-core-osgi-2.21.0.fuse-720050-redhat-00001.jar:/home/kkakarla/.m2/repository/org/slf4j/slf4j-api/1.7.22.redhat-2/slf4j-api-1.7.22.redhat-2.jar:/home/kkakarla/.m2/repository/org/slf4j/slf4j-log4j12/1.7.22.redhat-2/slf4j-log4j12-1.7.22.redhat-2.jar:/home/kkakarla/.m2/repository/log4j/log4j/1.2.17.redhat-3/log4j-1.2.17.redhat-3.jar:/home/kkakarla/.m2/repository/org/apache/camel/camel-test-blueprint/2.21.0.fuse-720050-redhat-00001/camel-test-blueprint-2.21.0.fuse-720050-redhat-00001.jar:/home/kkakarla/.m2/repository/org/apache/camel/camel-test/2.21.0.fuse-720050-redhat-00001/camel-test-2.21.0.fuse-720050-redhat-00001.jar:/home/kkakarla/.m2/repository/org/apache/aries/proxy/org.apache.aries.proxy.api/1.1.0/org.apache.aries.proxy.api-1.1.0.jar:/home/kkakarla/.m2/repository/org/apache/aries/proxy/org.apache.aries.proxy.impl/1.0.4/org.apache.aries.proxy.impl-1.0.4.jar:/home/kkakarla/.m2/repository/org/apache/aries/blueprint/org.apache.aries.blueprint.api/1.0.1.redhat-611412/org.apache.aries.blueprint.api-1.0.1.redhat-611412.jar:/home/kkakarla/.m2/repository/org/apache/aries/blueprint/org.apache.aries.blueprint.core/1.4.4/org.apache.aries.blueprint.core-1.4.4.jar:/home/kkakarla/.m2/repository/org/apache/aries/quiesce/org.apache.aries.quiesce.api/1.0.0/org.apache.aries.quiesce.api-1.0.0.jar:/home/kkakarla/.m2/repository/org/apache/aries/blueprint/org.apache.aries.blueprint.cm/1.0.6/org.apache.aries.blueprint.cm-1.0.6.jar:/home/kkakarla/.m2/repository/org/apache/aries/org.apache.aries.util/1.1.3/org.apache.aries.util-1.1.3.jar:/home/kkakarla/.m2/repository/org/ops4j/pax/swissbox/pax-swissbox-tinybundles/1.3.2/pax-swissbox-tinybundles-1.3.2.jar:/home/kkakarla/.m2/repository/org/ops4j/base/ops4j-base-lang/1.5.0/ops4j-base-lang-1.5.0.jar:/home/kkakarla/.m2/repository/org/ops4j/base/ops4j-base-io/1.5.0/ops4j-base-io-1.5.0.jar:/home/kkakarla/.m2/repository/org/ops4j/base/ops4j-base-monitors/1.5.0/ops4j-base-monitors-1.5.0.jar:/home/kkakarla/.m2/repository/org/ops4j/base/ops4j-base-store/1.5.0/ops4j-base-store-1.5.0.jar:/home/kkakarla/.m2/repository/org/ops4j/pax/swissbox/pax-swissbox-bnd/1.8.3/pax-swissbox-bnd-1.8.3.jar:/home/kkakarla/.m2/repository/biz/aQute/bnd/bndlib/2.4.0/bndlib-2.4.0.jar:/home/kkakarla/.m2/repository/commons-logging/commons-logging/1.2.0.redhat-3/commons-logging-1.2.0.redhat-3.jar:/home/kkakarla/.m2/repository/junit/junit/4.12.0.redhat-003/junit-4.12.0.redhat-003.jar:/home/kkakarla/.m2/repository/org/hamcrest/hamcrest-core/1.3-redhat-1/hamcrest-core-1.3-redhat-1.jar:/home/kkakarla/.m2/repository/org/apache/felix/org.apache.felix.configadmin/1.8.16/org.apache.felix.configadmin-1.8.16.jar:/home/kkakarla/.m2/repository/org/apache/felix/org.apache.felix.fileinstall/3.6.4/org.apache.felix.fileinstall-3.6.4.jar:/home/kkakarla/.m2/repository/org/apache/felix/org.apache.felix.connect/0.2.0/org.apache.felix.connect-0.2.0.jar:/home/kkakarla/.m2/repository/org/apache/camel/camel-dozer/2.21.0.fuse-720050-redhat-00001/camel-dozer-2.21.0.fuse-720050-redhat-00001.jar:/home/kkakarla/.m2/repository/com/github/dozermapper/dozer-core/6.1.0/dozer-core-6.1.0.jar:/home/kkakarla/.m2/repository/com/github/dozermapper/dozer-schema/6.1.0/dozer-schema-6.1.0.jar:/home/kkakarla/.m2/repository/commons-beanutils/commons-beanutils/1.9.3/commons-beanutils-1.9.3.jar:/home/kkakarla/.m2/repository/commons-collections/commons-collections/3.2.2.redhat-2/commons-collections-3.2.2.redhat-2.jar:/home/kkakarla/.m2/repository/org/apache/commons/commons-lang3/3.8/commons-lang3-3.8.jar:/home/kkakarla/.m2/repository/javax/el/javax.el-api/2.2.5/javax.el-api-2.2.5.jar:/home/kkakarla/.m2/repository/org/glassfish/web/javax.el/2.2.5.redhat-1/javax.el-2.2.5.redhat-1.jar:/home/kkakarla/.m2/repository/org/apache/camel/camel-jaxb/2.21.0.fuse-720050-redhat-00001/camel-jaxb-2.21.0.fuse-720050-redhat-00001.jar:/home/kkakarla/.m2/repository/org/apache/camel/camel-jackson/2.21.0.fuse-720050-redhat-00001/camel-jackson-2.21.0.fuse-720050-redhat-00001.jar:/home/kkakarla/.m2/repository/com/fasterxml/jackson/core/jackson-databind/2.8.11/jackson-databind-2.8.11.jar:/home/kkakarla/.m2/repository/com/fasterxml/jackson/core/jackson-annotations/2.8.11/jackson-annotations-2.8.11.jar:/home/kkakarla/.m2/repository/com/fasterxml/jackson/core/jackson-core/2.8.11/jackson-core-2.8.11.jar:/home/kkakarla/.m2/repository/com/fasterxml/jackson/module/jackson-module-jaxb-annotations/2.8.11/jackson-module-jaxb-annotations-2.8.11.jar:/home/kkakarla/.m2/repository/org/fusesource/camel-activemq/7.2.0.fuse-720046-redhat-00001/camel-activemq-7.2.0.fuse-720046-redhat-00001.jar:/home/kkakarla/.m2/repository/org/apache/camel/camel-jms/2.21.0.fuse-720050-redhat-00001/camel-jms-2.21.0.fuse-720050-redhat-00001.jar:/home/kkakarla/.m2/repository/org/apache/camel/camel-spring/2.21.0.fuse-720050-redhat-00001/camel-spring-2.21.0.fuse-720050-redhat-00001.jar:/home/kkakarla/.m2/repository/org/springframework/spring-core/4.3.17.RELEASE/spring-core-4.3.17.RELEASE.jar:/home/kkakarla/.m2/repository/org/springframework/spring-aop/4.3.17.RELEASE/spring-aop-4.3.17.RELEASE.jar:/home/kkakarla/.m2/repository/org/springframework/spring-expression/4.3.17.RELEASE/spring-expression-4.3.17.RELEASE.jar:/home/kkakarla/.m2/repository/org/springframework/spring-jms/4.3.17.RELEASE/spring-jms-4.3.17.RELEASE.jar:/home/kkakarla/.m2/repository/org/springframework/spring-messaging/4.3.17.RELEASE/spring-messaging-4.3.17.RELEASE.jar:/home/kkakarla/.m2/repository/org/springframework/spring-context/4.3.17.RELEASE/spring-context-4.3.17.RELEASE.jar:/home/kkakarla/.m2/repository/org/springframework/spring-tx/4.3.17.RELEASE/spring-tx-4.3.17.RELEASE.jar:/home/kkakarla/.m2/repository/org/springframework/spring-beans/4.3.17.RELEASE/spring-beans-4.3.17.RELEASE.jar:/home/kkakarla/.m2/repository/org/apache/activemq/activemq-spring/5.11.0.redhat-630356/activemq-spring-5.11.0.redhat-630356.jar:/home/kkakarla/.m2/repository/org/apache/xbean/xbean-spring/4.5/xbean-spring-4.5.jar:/home/kkakarla/.m2/repository/org/apache/activemq/activemq-broker/5.11.0.redhat-630356/activemq-broker-5.11.0.redhat-630356.jar:/home/kkakarla/.m2/repository/org/apache/activemq/activemq-openwire-legacy/5.11.0.redhat-630356/activemq-openwire-legacy-5.11.0.redhat-630356.jar:/home/kkakarla/.m2/repository/com/google/guava/guava/19.0.0.redhat-1/guava-19.0.0.redhat-1.jar:/home/kkakarla/.m2/repository/org/apache/geronimo/specs/geronimo-jta_1.0.1B_spec/1.0.1/geronimo-jta_1.0.1B_spec-1.0.1.jar:/home/kkakarla/.m2/repository/commons-pool/commons-pool/1.6.0.redhat-10/commons-pool-1.6.0.redhat-10.jar:/home/kkakarla/.m2/repository/org/apache/activemq/activemq-pool/5.11.0.redhat-630356/activemq-pool-5.11.0.redhat-630356.jar:/home/kkakarla/.m2/repository/org/apache/activemq/activemq-jms-pool/5.11.0.redhat-630356/activemq-jms-pool-5.11.0.redhat-630356.jar:/home/kkakarla/.m2/repository/org/apache/geronimo/specs/geronimo-jms_1.1_spec/1.1.1.redhat-2/geronimo-jms_1.1_spec-1.1.1.redhat-2.jar:/home/kkakarla/.m2/repository/org/apache/activemq/activemq-client/5.11.0.redhat-630356/activemq-client-5.11.0.redhat-630356.jar:/home/kkakarla/.m2/repository/org/fusesource/hawtbuf/hawtbuf/1.11.0.redhat-2/hawtbuf-1.11.0.redhat-2.jar:/home/kkakarla/.m2/repository/org/apache/geronimo/specs/geronimo-j2ee-management_1.1_spec/1.0.1.redhat-3/geronimo-j2ee-management_1.1_spec-1.0.1.redhat-3.jar:/home/kkakarla/.m2/repository/org/apache/camel/camel-jsonpath/2.21.0.fuse-720050-redhat-00001/camel-jsonpath-2.21.0.fuse-720050-redhat-00001.jar:/home/kkakarla/.m2/repository/com/jayway/jsonpath/json-path/2.4.0/json-path-2.4.0.jar:/home/kkakarla/.m2/repository/net/minidev/json-smart/2.3/json-smart-2.3.jar:/home/kkakarla/.m2/repository/net/minidev/accessors-smart/1.2/accessors-smart-1.2.jar:/home/kkakarla/.m2/repository/org/ow2/asm/asm-commons/6.0/asm-commons-6.0.jar:/home/kkakarla/.m2/repository/org/ow2/asm/asm-tree/6.0/asm-tree-6.0.jar:/home/kkakarla/.m2/repository/org/ow2/asm/asm/6.0.0.redhat-65/asm-6.0.0.redhat-65.jar:"/>
    <property name="java.vm.vendor" value="Oracle Corporation"/>
    <property name="sun.arch.data.model" value="64"/>
    <property name="java.vendor.url" value="http://java.oracle.com/"/>
    <property name="user.timezone" value=""/>
    <property name="java.vm.specification.version" value="1.8"/>
    <property name="os.name" value="Linux"/>
    <property name="user.country" value="US"/>
    <property name="sun.java.launcher" value="SUN_STANDARD"/>
    <property name="sun.boot.library.path" value="/home/kkakarla/Development/soft/jvm-stuff/jdk1.8.0_121/jre/lib/amd64"/>
    <property name="sun.java.command" value="/home/kkakarla/Downloads/MyDozerExample/target/surefire/surefirebooter450133155367715136.jar /home/kkakarla/Downloads/MyDozerExample/target/surefire 2019-04-08T08-44-33_458-jvmRun1 surefire6257413149857141449tmp surefire_08759190607449780762tmp"/>
    <property name="surefire.test.class.path" value="/home/kkakarla/Downloads/MyDozerExample/target/test-classes:/home/kkakarla/Downloads/MyDozerExample/target/classes:/home/kkakarla/.m2/repository/org/apache/camel/camel-core/2.21.0.fuse-720050-redhat-00001/camel-core-2.21.0.fuse-720050-redhat-00001.jar:/home/kkakarla/.m2/repository/com/sun/xml/bind/jaxb-core/2.2.11.redhat-4/jaxb-core-2.2.11.redhat-4.jar:/home/kkakarla/.m2/repository/com/sun/xml/bind/jaxb-impl/2.2.11.redhat-4/jaxb-impl-2.2.11.redhat-4.jar:/home/kkakarla/.m2/repository/org/apache/camel/camel-blueprint/2.21.0.fuse-720050-redhat-00001/camel-blueprint-2.21.0.fuse-720050-redhat-00001.jar:/home/kkakarla/.m2/repository/org/apache/camel/camel-core-xml/2.21.0.fuse-720050-redhat-00001/camel-core-xml-2.21.0.fuse-720050-redhat-00001.jar:/home/kkakarla/.m2/repository/org/apache/camel/camel-core-osgi/2.21.0.fuse-720050-redhat-00001/camel-core-osgi-2.21.0.fuse-720050-redhat-00001.jar:/home/kkakarla/.m2/repository/org/slf4j/slf4j-api/1.7.22.redhat-2/slf4j-api-1.7.22.redhat-2.jar:/home/kkakarla/.m2/repository/org/slf4j/slf4j-log4j12/1.7.22.redhat-2/slf4j-log4j12-1.7.22.redhat-2.jar:/home/kkakarla/.m2/repository/log4j/log4j/1.2.17.redhat-3/log4j-1.2.17.redhat-3.jar:/home/kkakarla/.m2/repository/org/apache/camel/camel-test-blueprint/2.21.0.fuse-720050-redhat-00001/camel-test-blueprint-2.21.0.fuse-720050-redhat-00001.jar:/home/kkakarla/.m2/repository/org/apache/camel/camel-test/2.21.0.fuse-720050-redhat-00001/camel-test-2.21.0.fuse-720050-redhat-00001.jar:/home/kkakarla/.m2/repository/org/apache/aries/proxy/org.apache.aries.proxy.api/1.1.0/org.apache.aries.proxy.api-1.1.0.jar:/home/kkakarla/.m2/repository/org/apache/aries/proxy/org.apache.aries.proxy.impl/1.0.4/org.apache.aries.proxy.impl-1.0.4.jar:/home/kkakarla/.m2/repository/org/apache/aries/blueprint/org.apache.aries.blueprint.api/1.0.1.redhat-611412/org.apache.aries.blueprint.api-1.0.1.redhat-611412.jar:/home/kkakarla/.m2/repository/org/apache/aries/blueprint/org.apache.aries.blueprint.core/1.4.4/org.apache.aries.blueprint.core-1.4.4.jar:/home/kkakarla/.m2/repository/org/apache/aries/quiesce/org.apache.aries.quiesce.api/1.0.0/org.apache.aries.quiesce.api-1.0.0.jar:/home/kkakarla/.m2/repository/org/apache/aries/blueprint/org.apache.aries.blueprint.cm/1.0.6/org.apache.aries.blueprint.cm-1.0.6.jar:/home/kkakarla/.m2/repository/org/apache/aries/org.apache.aries.util/1.1.3/org.apache.aries.util-1.1.3.jar:/home/kkakarla/.m2/repository/org/ops4j/pax/swissbox/pax-swissbox-tinybundles/1.3.2/pax-swissbox-tinybundles-1.3.2.jar:/home/kkakarla/.m2/repository/org/ops4j/base/ops4j-base-lang/1.5.0/ops4j-base-lang-1.5.0.jar:/home/kkakarla/.m2/repository/org/ops4j/base/ops4j-base-io/1.5.0/ops4j-base-io-1.5.0.jar:/home/kkakarla/.m2/repository/org/ops4j/base/ops4j-base-monitors/1.5.0/ops4j-base-monitors-1.5.0.jar:/home/kkakarla/.m2/repository/org/ops4j/base/ops4j-base-store/1.5.0/ops4j-base-store-1.5.0.jar:/home/kkakarla/.m2/repository/org/ops4j/pax/swissbox/pax-swissbox-bnd/1.8.3/pax-swissbox-bnd-1.8.3.jar:/home/kkakarla/.m2/repository/biz/aQute/bnd/bndlib/2.4.0/bndlib-2.4.0.jar:/home/kkakarla/.m2/repository/commons-logging/commons-logging/1.2.0.redhat-3/commons-logging-1.2.0.redhat-3.jar:/home/kkakarla/.m2/repository/junit/junit/4.12.0.redhat-003/junit-4.12.0.redhat-003.jar:/home/kkakarla/.m2/repository/org/hamcrest/hamcrest-core/1.3-redhat-1/hamcrest-core-1.3-redhat-1.jar:/home/kkakarla/.m2/repository/org/apache/felix/org.apache.felix.configadmin/1.8.16/org.apache.felix.configadmin-1.8.16.jar:/home/kkakarla/.m2/repository/org/apache/felix/org.apache.felix.fileinstall/3.6.4/org.apache.felix.fileinstall-3.6.4.jar:/home/kkakarla/.m2/repository/org/apache/felix/org.apache.felix.connect/0.2.0/org.apache.felix.connect-0.2.0.jar:/home/kkakarla/.m2/repository/org/apache/camel/camel-dozer/2.21.0.fuse-720050-redhat-00001/camel-dozer-2.21.0.fuse-720050-redhat-00001.jar:/home/kkakarla/.m2/repository/com/github/dozermapper/dozer-core/6.1.0/dozer-core-6.1.0.jar:/home/kkakarla/.m2/repository/com/github/dozermapper/dozer-schema/6.1.0/dozer-schema-6.1.0.jar:/home/kkakarla/.m2/repository/commons-beanutils/commons-beanutils/1.9.3/commons-beanutils-1.9.3.jar:/home/kkakarla/.m2/repository/commons-collections/commons-collections/3.2.2.redhat-2/commons-collections-3.2.2.redhat-2.jar:/home/kkakarla/.m2/repository/org/apache/commons/commons-lang3/3.8/commons-lang3-3.8.jar:/home/kkakarla/.m2/repository/javax/el/javax.el-api/2.2.5/javax.el-api-2.2.5.jar:/home/kkakarla/.m2/repository/org/glassfish/web/javax.el/2.2.5.redhat-1/javax.el-2.2.5.redhat-1.jar:/home/kkakarla/.m2/repository/org/apache/camel/camel-jaxb/2.21.0.fuse-720050-redhat-00001/camel-jaxb-2.21.0.fuse-720050-redhat-00001.jar:/home/kkakarla/.m2/repository/org/apache/camel/camel-jackson/2.21.0.fuse-720050-redhat-00001/camel-jackson-2.21.0.fuse-720050-redhat-00001.jar:/home/kkakarla/.m2/repository/com/fasterxml/jackson/core/jackson-databind/2.8.11/jackson-databind-2.8.11.jar:/home/kkakarla/.m2/repository/com/fasterxml/jackson/core/jackson-annotations/2.8.11/jackson-annotations-2.8.11.jar:/home/kkakarla/.m2/repository/com/fasterxml/jackson/core/jackson-core/2.8.11/jackson-core-2.8.11.jar:/home/kkakarla/.m2/repository/com/fasterxml/jackson/module/jackson-module-jaxb-annotations/2.8.11/jackson-module-jaxb-annotations-2.8.11.jar:/home/kkakarla/.m2/repository/org/fusesource/camel-activemq/7.2.0.fuse-720046-redhat-00001/camel-activemq-7.2.0.fuse-720046-redhat-00001.jar:/home/kkakarla/.m2/repository/org/apache/camel/camel-jms/2.21.0.fuse-720050-redhat-00001/camel-jms-2.21.0.fuse-720050-redhat-00001.jar:/home/kkakarla/.m2/repository/org/apache/camel/camel-spring/2.21.0.fuse-720050-redhat-00001/camel-spring-2.21.0.fuse-720050-redhat-00001.jar:/home/kkakarla/.m2/repository/org/springframework/spring-core/4.3.17.RELEASE/spring-core-4.3.17.RELEASE.jar:/home/kkakarla/.m2/repository/org/springframework/spring-aop/4.3.17.RELEASE/spring-aop-4.3.17.RELEASE.jar:/home/kkakarla/.m2/repository/org/springframework/spring-expression/4.3.17.RELEASE/spring-expression-4.3.17.RELEASE.jar:/home/kkakarla/.m2/repository/org/springframework/spring-jms/4.3.17.RELEASE/spring-jms-4.3.17.RELEASE.jar:/home/kkakarla/.m2/repository/org/springframework/spring-messaging/4.3.17.RELEASE/spring-messaging-4.3.17.RELEASE.jar:/home/kkakarla/.m2/repository/org/springframework/spring-context/4.3.17.RELEASE/spring-context-4.3.17.RELEASE.jar:/home/kkakarla/.m2/repository/org/springframework/spring-tx/4.3.17.RELEASE/spring-tx-4.3.17.RELEASE.jar:/home/kkakarla/.m2/repository/org/springframework/spring-beans/4.3.17.RELEASE/spring-beans-4.3.17.RELEASE.jar:/home/kkakarla/.m2/repository/org/apache/activemq/activemq-spring/5.11.0.redhat-630356/activemq-spring-5.11.0.redhat-630356.jar:/home/kkakarla/.m2/repository/org/apache/xbean/xbean-spring/4.5/xbean-spring-4.5.jar:/home/kkakarla/.m2/repository/org/apache/activemq/activemq-broker/5.11.0.redhat-630356/activemq-broker-5.11.0.redhat-630356.jar:/home/kkakarla/.m2/repository/org/apache/activemq/activemq-openwire-legacy/5.11.0.redhat-630356/activemq-openwire-legacy-5.11.0.redhat-630356.jar:/home/kkakarla/.m2/repository/com/google/guava/guava/19.0.0.redhat-1/guava-19.0.0.redhat-1.jar:/home/kkakarla/.m2/repository/org/apache/geronimo/specs/geronimo-jta_1.0.1B_spec/1.0.1/geronimo-jta_1.0.1B_spec-1.0.1.jar:/home/kkakarla/.m2/repository/commons-pool/commons-pool/1.6.0.redhat-10/commons-pool-1.6.0.redhat-10.jar:/home/kkakarla/.m2/repository/org/apache/activemq/activemq-pool/5.11.0.redhat-630356/activemq-pool-5.11.0.redhat-630356.jar:/home/kkakarla/.m2/repository/org/apache/activemq/activemq-jms-pool/5.11.0.redhat-630356/activemq-jms-pool-5.11.0.redhat-630356.jar:/home/kkakarla/.m2/repository/org/apache/geronimo/specs/geronimo-jms_1.1_spec/1.1.1.redhat-2/geronimo-jms_1.1_spec-1.1.1.redhat-2.jar:/home/kkakarla/.m2/repository/org/apache/activemq/activemq-client/5.11.0.redhat-630356/activemq-client-5.11.0.redhat-630356.jar:/home/kkakarla/.m2/repository/org/fusesource/hawtbuf/hawtbuf/1.11.0.redhat-2/hawtbuf-1.11.0.redhat-2.jar:/home/kkakarla/.m2/repository/org/apache/geronimo/specs/geronimo-j2ee-management_1.1_spec/1.0.1.redhat-3/geronimo-j2ee-management_1.1_spec-1.0.1.redhat-3.jar:/home/kkakarla/.m2/repository/org/apache/camel/camel-jsonpath/2.21.0.fuse-720050-redhat-00001/camel-jsonpath-2.21.0.fuse-720050-redhat-00001.jar:/home/kkakarla/.m2/repository/com/jayway/jsonpath/json-path/2.4.0/json-path-2.4.0.jar:/home/kkakarla/.m2/repository/net/minidev/json-smart/2.3/json-smart-2.3.jar:/home/kkakarla/.m2/repository/net/minidev/accessors-smart/1.2/accessors-smart-1.2.jar:/home/kkakarla/.m2/repository/org/ow2/asm/asm-commons/6.0/asm-commons-6.0.jar:/home/kkakarla/.m2/repository/org/ow2/asm/asm-tree/6.0/asm-tree-6.0.jar:/home/kkakarla/.m2/repository/org/ow2/asm/asm/6.0.0.redhat-65/asm-6.0.0.redhat-65.jar:"/>
    <property name="sun.cpu.endian" value="little"/>
    <property name="user.home" value="/home/kkakarla"/>
    <property name="user.language" value="en"/>
    <property name="java.specification.vendor" value="Oracle Corporation"/>
    <property name="java.home" value="/home/kkakarla/Development/soft/jvm-stuff/jdk1.8.0_121/jre"/>
    <property name="basedir" value="/home/kkakarla/Downloads/MyDozerExample"/>
    <property name="file.separator" value="/"/>
    <property name="line.separator" value="&#10;"/>
    <property name="java.vm.specification.vendor" value="Oracle Corporation"/>
    <property name="java.specification.name" value="Java Platform API Specification"/>
    <property name="java.awt.graphicsenv" value="sun.awt.X11GraphicsEnvironment"/>
    <property name="surefire.real.class.path" value="/home/kkakarla/Downloads/MyDozerExample/target/surefire/surefirebooter450133155367715136.jar"/>
    <property name="sun.boot.class.path" value="/home/kkakarla/Development/soft/jvm-stuff/jdk1.8.0_121/jre/lib/resources.jar:/home/kkakarla/Development/soft/jvm-stuff/jdk1.8.0_121/jre/lib/rt.jar:/home/kkakarla/Development/soft/jvm-stuff/jdk1.8.0_121/jre/lib/sunrsasign.jar:/home/kkakarla/Development/soft/jvm-stuff/jdk1.8.0_121/jre/lib/jsse.jar:/home/kkakarla/Development/soft/jvm-stuff/jdk1.8.0_121/jre/lib/jce.jar:/home/kkakarla/Development/soft/jvm-stuff/jdk1.8.0_121/jre/lib/charsets.jar:/home/kkakarla/Development/soft/jvm-stuff/jdk1.8.0_121/jre/lib/jfr.jar:/home/kkakarla/Development/soft/jvm-stuff/jdk1.8.0_121/jre/classes"/>
    <property name="sun.management.compiler" value="HotSpot 64-Bit Tiered Compilers"/>
    <property name="java.runtime.version" value="1.8.0_121-b13"/>
    <property name="user.name" value="kkakarla"/>
    <property name="path.separator" value=":"/>
    <property name="os.version" value="3.10.0-693.5.2.el7.x86_64"/>
    <property name="java.endorsed.dirs" value="/home/kkakarla/Development/soft/jvm-stuff/jdk1.8.0_121/jre/lib/endorsed"/>
    <property name="java.runtime.name" value="Java(TM) SE Runtime Environment"/>
    <property name="file.encoding" value="UTF-8"/>
    <property name="java.vm.name" value="Java HotSpot(TM) 64-Bit Server VM"/>
    <property name="localRepository" value="/home/kkakarla/.m2/repository"/>
    <property name="java.vendor.url.bug" value="http://bugreport.sun.com/bugreport/"/>
    <property name="java.io.tmpdir" value="/tmp"/>
    <property name="java.version" value="1.8.0_121"/>
    <property name="user.dir" value="/home/kkakarla/Downloads/MyDozerExample"/>
    <property name="os.arch" value="amd64"/>
    <property name="java.vm.specification.name" value="Java Virtual Machine Specification"/>
    <property name="java.awt.printerjob" value="sun.print.PSPrinterJob"/>
    <property name="sun.os.patch.level" value="unknown"/>
    <property name="java.library.path" value="/usr/java/packages/lib/amd64:/usr/lib64:/lib64:/lib:/usr/lib"/>
    <property name="java.vm.info" value="mixed mode"/>
    <property name="java.vendor" value="Oracle Corporation"/>
    <property name="java.vm.version" value="25.121-b13"/>
    <property name="java.ext.dirs" value="/home/kkakarla/Development/soft/jvm-stuff/jdk1.8.0_121/jre/lib/ext:/usr/java/packages/lib/ext"/>
    <property name="sun.io.unicode.encoding" value="UnicodeLittle"/>
    <property name="java.class.version" value="52.0"/>
  </properties>
  <testcase name="testCamelRoute" classname="com.test.fileInputTest" time="2.269"/>
</testsuite>